{"C:\\Users\\dell\\OneDrive\\Documents\\GitHub\\MERN-COHORT\\assignments-master\\week-3\\01-middlewares\\01-requestcount.js": {"path":"C:\\Users\\dell\\OneDrive\\Documents\\GitHub\\MERN-COHORT\\assignments-master\\week-3\\01-middlewares\\01-requestcount.js","all":false,"statementMap":{"0":{"start":{"line":1,"column":0},"end":{"line":1,"column":35}},"1":{"start":{"line":2,"column":0},"end":{"line":2,"column":0}},"2":{"start":{"line":3,"column":0},"end":{"line":3,"column":22}},"3":{"start":{"line":4,"column":0},"end":{"line":4,"column":21}},"4":{"start":{"line":5,"column":0},"end":{"line":5,"column":0}},"5":{"start":{"line":6,"column":0},"end":{"line":6,"column":67}},"6":{"start":{"line":7,"column":0},"end":{"line":7,"column":66}},"7":{"start":{"line":8,"column":0},"end":{"line":8,"column":78}},"8":{"start":{"line":9,"column":0},"end":{"line":9,"column":24}},"9":{"start":{"line":10,"column":0},"end":{"line":10,"column":0}},"10":{"start":{"line":11,"column":0},"end":{"line":11,"column":46}},"11":{"start":{"line":12,"column":0},"end":{"line":12,"column":18}},"12":{"start":{"line":13,"column":0},"end":{"line":13,"column":9}},"13":{"start":{"line":14,"column":0},"end":{"line":14,"column":2}},"14":{"start":{"line":15,"column":0},"end":{"line":15,"column":0}},"15":{"start":{"line":16,"column":0},"end":{"line":16,"column":37}},"16":{"start":{"line":17,"column":0},"end":{"line":17,"column":41}},"17":{"start":{"line":18,"column":0},"end":{"line":18,"column":3}},"18":{"start":{"line":19,"column":0},"end":{"line":19,"column":0}},"19":{"start":{"line":20,"column":0},"end":{"line":20,"column":38}},"20":{"start":{"line":21,"column":0},"end":{"line":21,"column":54}},"21":{"start":{"line":22,"column":0},"end":{"line":22,"column":3}},"22":{"start":{"line":23,"column":0},"end":{"line":23,"column":0}},"23":{"start":{"line":24,"column":0},"end":{"line":24,"column":45}},"24":{"start":{"line":25,"column":0},"end":{"line":25,"column":41}},"25":{"start":{"line":26,"column":0},"end":{"line":26,"column":3}},"26":{"start":{"line":27,"column":0},"end":{"line":27,"column":0}},"27":{"start":{"line":28,"column":0},"end":{"line":28,"column":17}},"28":{"start":{"line":29,"column":0},"end":{"line":29,"column":21}}},"s":{"0":1,"1":1,"2":1,"3":1,"4":1,"5":1,"6":1,"7":1,"8":1,"9":1,"10":1,"11":12,"12":12,"13":12,"14":1,"15":1,"16":10,"17":1,"18":1,"19":1,"20":0,"21":1,"22":1,"23":1,"24":2,"25":1,"26":1,"27":1,"28":1},"branchMap":{"0":{"type":"branch","line":11,"loc":{"start":{"line":11,"column":8},"end":{"line":14,"column":2}},"locations":[{"start":{"line":11,"column":8},"end":{"line":14,"column":2}}]},"1":{"type":"branch","line":16,"loc":{"start":{"line":16,"column":17},"end":{"line":18,"column":2}},"locations":[{"start":{"line":16,"column":17},"end":{"line":18,"column":2}}]},"2":{"type":"branch","line":24,"loc":{"start":{"line":24,"column":25},"end":{"line":26,"column":2}},"locations":[{"start":{"line":24,"column":25},"end":{"line":26,"column":2}}]}},"b":{"0":[12],"1":[10],"2":[2]},"fnMap":{"0":{"name":"requestCounter","decl":{"start":{"line":11,"column":8},"end":{"line":14,"column":2}},"loc":{"start":{"line":11,"column":8},"end":{"line":14,"column":2}},"line":11}},"f":{"0":12}}
,"C:\\Users\\dell\\OneDrive\\Documents\\GitHub\\MERN-COHORT\\assignments-master\\week-3\\01-middlewares\\02-ratelimitter.js": {"path":"C:\\Users\\dell\\OneDrive\\Documents\\GitHub\\MERN-COHORT\\assignments-master\\week-3\\01-middlewares\\02-ratelimitter.js","all":false,"statementMap":{"0":{"start":{"line":1,"column":0},"end":{"line":1,"column":35}},"1":{"start":{"line":2,"column":0},"end":{"line":2,"column":22}},"2":{"start":{"line":3,"column":0},"end":{"line":3,"column":67}},"3":{"start":{"line":4,"column":0},"end":{"line":4,"column":66}},"4":{"start":{"line":5,"column":0},"end":{"line":5,"column":67}},"5":{"start":{"line":6,"column":0},"end":{"line":6,"column":70}},"6":{"start":{"line":7,"column":0},"end":{"line":7,"column":32}},"7":{"start":{"line":8,"column":0},"end":{"line":8,"column":67}},"8":{"start":{"line":9,"column":0},"end":{"line":9,"column":79}},"9":{"start":{"line":10,"column":0},"end":{"line":10,"column":26}},"10":{"start":{"line":11,"column":0},"end":{"line":11,"column":0}},"11":{"start":{"line":12,"column":0},"end":{"line":12,"column":33}},"12":{"start":{"line":13,"column":0},"end":{"line":13,"column":19}},"13":{"start":{"line":14,"column":0},"end":{"line":14,"column":33}},"14":{"start":{"line":15,"column":0},"end":{"line":15,"column":8}},"15":{"start":{"line":16,"column":0},"end":{"line":16,"column":0}},"16":{"start":{"line":17,"column":0},"end":{"line":17,"column":25}},"17":{"start":{"line":18,"column":0},"end":{"line":18,"column":39}},"18":{"start":{"line":19,"column":0},"end":{"line":19,"column":64}},"19":{"start":{"line":20,"column":0},"end":{"line":20,"column":39}},"20":{"start":{"line":21,"column":0},"end":{"line":21,"column":40}},"21":{"start":{"line":22,"column":0},"end":{"line":22,"column":8}},"22":{"start":{"line":23,"column":0},"end":{"line":23,"column":38}},"23":{"start":{"line":24,"column":0},"end":{"line":24,"column":3}},"24":{"start":{"line":25,"column":0},"end":{"line":25,"column":0}},"25":{"start":{"line":26,"column":0},"end":{"line":26,"column":40}},"26":{"start":{"line":27,"column":0},"end":{"line":27,"column":57}},"27":{"start":{"line":28,"column":0},"end":{"line":28,"column":3}},"28":{"start":{"line":29,"column":0},"end":{"line":29,"column":9}},"29":{"start":{"line":30,"column":0},"end":{"line":30,"column":2}},"30":{"start":{"line":31,"column":0},"end":{"line":31,"column":0}},"31":{"start":{"line":32,"column":0},"end":{"line":32,"column":37}},"32":{"start":{"line":33,"column":0},"end":{"line":33,"column":41}},"33":{"start":{"line":34,"column":0},"end":{"line":34,"column":3}},"34":{"start":{"line":35,"column":0},"end":{"line":35,"column":0}},"35":{"start":{"line":36,"column":0},"end":{"line":36,"column":38}},"36":{"start":{"line":37,"column":0},"end":{"line":37,"column":54}},"37":{"start":{"line":38,"column":0},"end":{"line":38,"column":3}},"38":{"start":{"line":39,"column":0},"end":{"line":39,"column":0}},"39":{"start":{"line":40,"column":0},"end":{"line":40,"column":21}}},"s":{"0":1,"1":1,"2":1,"3":1,"4":1,"5":1,"6":1,"7":1,"8":1,"9":1,"10":1,"11":1,"12":1,"13":2,"14":1,"15":1,"16":1,"17":13,"18":13,"19":13,"20":2,"21":13,"22":11,"23":11,"24":13,"25":13,"26":7,"27":7,"28":6,"29":6,"30":1,"31":1,"32":6,"33":1,"34":1,"35":1,"36":0,"37":1,"38":1,"39":1},"branchMap":{"0":{"type":"branch","line":13,"loc":{"start":{"line":13,"column":12},"end":{"line":15,"column":3}},"locations":[{"start":{"line":13,"column":12},"end":{"line":15,"column":3}}]},"1":{"type":"branch","line":17,"loc":{"start":{"line":17,"column":8},"end":{"line":30,"column":2}},"locations":[{"start":{"line":17,"column":8},"end":{"line":30,"column":2}}]},"2":{"type":"branch","line":20,"loc":{"start":{"line":20,"column":38},"end":{"line":22,"column":3}},"locations":[{"start":{"line":20,"column":38},"end":{"line":22,"column":3}}]},"3":{"type":"branch","line":22,"loc":{"start":{"line":22,"column":3},"end":{"line":24,"column":3}},"locations":[{"start":{"line":22,"column":3},"end":{"line":24,"column":3}}]},"4":{"type":"branch","line":26,"loc":{"start":{"line":26,"column":39},"end":{"line":28,"column":3}},"locations":[{"start":{"line":26,"column":39},"end":{"line":28,"column":3}}]},"5":{"type":"branch","line":28,"loc":{"start":{"line":28,"column":2},"end":{"line":30,"column":2}},"locations":[{"start":{"line":28,"column":2},"end":{"line":30,"column":2}}]},"6":{"type":"branch","line":32,"loc":{"start":{"line":32,"column":17},"end":{"line":34,"column":2}},"locations":[{"start":{"line":32,"column":17},"end":{"line":34,"column":2}}]}},"b":{"0":[2],"1":[13],"2":[2],"3":[11],"4":[7],"5":[6],"6":[6]},"fnMap":{},"f":{}}
,"C:\\Users\\dell\\OneDrive\\Documents\\GitHub\\MERN-COHORT\\assignments-master\\week-3\\01-middlewares\\03-errorcount.js": {"path":"C:\\Users\\dell\\OneDrive\\Documents\\GitHub\\MERN-COHORT\\assignments-master\\week-3\\01-middlewares\\03-errorcount.js","all":false,"statementMap":{"0":{"start":{"line":1,"column":0},"end":{"line":1,"column":35}},"1":{"start":{"line":2,"column":0},"end":{"line":2,"column":0}},"2":{"start":{"line":3,"column":0},"end":{"line":3,"column":22}},"3":{"start":{"line":4,"column":0},"end":{"line":4,"column":19}},"4":{"start":{"line":5,"column":0},"end":{"line":5,"column":0}},"5":{"start":{"line":6,"column":0},"end":{"line":6,"column":67}},"6":{"start":{"line":7,"column":0},"end":{"line":7,"column":18}},"7":{"start":{"line":8,"column":0},"end":{"line":8,"column":87}},"8":{"start":{"line":9,"column":0},"end":{"line":9,"column":112}},"9":{"start":{"line":10,"column":0},"end":{"line":10,"column":0}},"10":{"start":{"line":11,"column":0},"end":{"line":11,"column":37}},"11":{"start":{"line":12,"column":0},"end":{"line":12,"column":36}},"12":{"start":{"line":13,"column":0},"end":{"line":13,"column":41}},"13":{"start":{"line":14,"column":0},"end":{"line":14,"column":3}},"14":{"start":{"line":15,"column":0},"end":{"line":15,"column":0}},"15":{"start":{"line":16,"column":0},"end":{"line":16,"column":38}},"16":{"start":{"line":17,"column":0},"end":{"line":17,"column":54}},"17":{"start":{"line":18,"column":0},"end":{"line":18,"column":3}},"18":{"start":{"line":19,"column":0},"end":{"line":19,"column":0}},"19":{"start":{"line":20,"column":0},"end":{"line":20,"column":43}},"20":{"start":{"line":21,"column":0},"end":{"line":21,"column":39}},"21":{"start":{"line":22,"column":0},"end":{"line":22,"column":3}},"22":{"start":{"line":23,"column":0},"end":{"line":23,"column":0}},"23":{"start":{"line":24,"column":0},"end":{"line":24,"column":29}},"24":{"start":{"line":25,"column":0},"end":{"line":25,"column":10}},"25":{"start":{"line":26,"column":0},"end":{"line":26,"column":36}},"26":{"start":{"line":27,"column":0},"end":{"line":27,"column":16}},"27":{"start":{"line":28,"column":0},"end":{"line":28,"column":3}},"28":{"start":{"line":29,"column":0},"end":{"line":29,"column":2}},"29":{"start":{"line":30,"column":0},"end":{"line":30,"column":0}},"30":{"start":{"line":31,"column":0},"end":{"line":31,"column":21}}},"s":{"0":1,"1":1,"2":1,"3":1,"4":1,"5":1,"6":1,"7":1,"8":1,"9":1,"10":1,"11":11,"12":0,"13":1,"14":1,"15":1,"16":0,"17":1,"18":1,"19":1,"20":2,"21":1,"22":1,"23":1,"24":11,"25":11,"26":11,"27":11,"28":11,"29":1,"30":1},"branchMap":{"0":{"type":"branch","line":11,"loc":{"start":{"line":11,"column":17},"end":{"line":14,"column":2}},"locations":[{"start":{"line":11,"column":17},"end":{"line":14,"column":2}}]},"1":{"type":"branch","line":12,"loc":{"start":{"line":12,"column":35},"end":{"line":14,"column":2}},"locations":[{"start":{"line":12,"column":35},"end":{"line":14,"column":2}}]},"2":{"type":"branch","line":20,"loc":{"start":{"line":20,"column":23},"end":{"line":22,"column":2}},"locations":[{"start":{"line":20,"column":23},"end":{"line":22,"column":2}}]},"3":{"type":"branch","line":24,"loc":{"start":{"line":24,"column":8},"end":{"line":29,"column":2}},"locations":[{"start":{"line":24,"column":8},"end":{"line":29,"column":2}}]}},"b":{"0":[11],"1":[0],"2":[2],"3":[11]},"fnMap":{},"f":{}}
}
