TN:
SF:01-requestcount.js
FN:11,requestCounter
FNF:1
FNH:1
FNDA:12,requestCounter
DA:1,1
DA:2,1
DA:3,1
DA:4,1
DA:5,1
DA:6,1
DA:7,1
DA:8,1
DA:9,1
DA:10,1
DA:11,1
DA:12,12
DA:13,12
DA:14,12
DA:15,1
DA:16,1
DA:17,10
DA:18,1
DA:19,1
DA:20,1
DA:21,0
DA:22,1
DA:23,1
DA:24,1
DA:25,2
DA:26,1
DA:27,1
DA:28,1
DA:29,1
LF:29
LH:28
BRDA:11,0,0,12
BRDA:16,1,0,10
BRDA:24,2,0,2
BRF:3
BRH:3
end_of_record
TN:
SF:02-ratelimitter.js
FNF:0
FNH:0
DA:1,1
DA:2,1
DA:3,1
DA:4,1
DA:5,1
DA:6,1
DA:7,1
DA:8,1
DA:9,1
DA:10,1
DA:11,1
DA:12,1
DA:13,1
DA:14,2
DA:15,1
DA:16,1
DA:17,1
DA:18,13
DA:19,13
DA:20,13
DA:21,2
DA:22,13
DA:23,11
DA:24,11
DA:25,13
DA:26,13
DA:27,7
DA:28,7
DA:29,6
DA:30,6
DA:31,1
DA:32,1
DA:33,6
DA:34,1
DA:35,1
DA:36,1
DA:37,0
DA:38,1
DA:39,1
DA:40,1
LF:40
LH:39
BRDA:13,0,0,2
BRDA:17,1,0,13
BRDA:20,2,0,2
BRDA:22,3,0,11
BRDA:26,4,0,7
BRDA:28,5,0,6
BRDA:32,6,0,6
BRF:7
BRH:7
end_of_record
TN:
SF:03-errorcount.js
FNF:0
FNH:0
DA:1,1
DA:2,1
DA:3,1
DA:4,1
DA:5,1
DA:6,1
DA:7,1
DA:8,1
DA:9,1
DA:10,1
DA:11,1
DA:12,11
DA:13,0
DA:14,1
DA:15,1
DA:16,1
DA:17,0
DA:18,1
DA:19,1
DA:20,1
DA:21,2
DA:22,1
DA:23,1
DA:24,1
DA:25,11
DA:26,11
DA:27,11
DA:28,11
DA:29,11
DA:30,1
DA:31,1
LF:31
LH:29
BRDA:11,0,0,11
BRDA:12,1,0,0
BRDA:20,2,0,2
BRDA:24,3,0,11
BRF:4
BRH:3
end_of_record
